<?xml version="1.0" encoding="UTF-8"?>
<testsuite name="PostmanEchoTest" tests="1" skipped="0" failures="0" errors="0" timestamp="2023-07-05T18:34:04" hostname="HOCKEYPLAYER9" time="3.554">
  <properties/>
  <testcase name="shouldReturnSomeData()" classname="PostmanEchoTest" time="3.554"/>
  <system-out><![CDATA[]]></system-out>
  <system-err><![CDATA[]]></system-err>
</testsuite>
